nohup: ignoring input
Server running at http://127.0.0.1:1234/
{ errcode: 0, errmsg: 'ok' }
ä½ å¥½
[36m[2016-08-25 09:38:28.319] [DEBUG] wechat - [39mget str form moli ä½ å¥½
ï»¿ä½ å¥½çˆ±æˆ‘å“Ÿ
string undefined undefined
[36m[2016-08-25 09:38:29.301] [DEBUG] wechat - [39mget response moli, resuest is ä½ å¥½ , and response is ï»¿ä½ å¥½çˆ±æˆ‘å“Ÿ
è¯´ç¬‘äº†
[36m[2016-08-25 09:38:39.116] [DEBUG] wechat - [39mget str form moli è¯´ç¬‘äº†
ï»¿é¸Ÿåœ¨é£ï¼Œä½ åœ¨å¹ï¼Œ[cqname]å¬å‘€ä¹ˆå¬ä¸æ‡‚ã€‚
string undefined undefined
[36m[2016-08-25 09:38:41.561] [DEBUG] wechat - [39mget response moli, resuest is è¯´ç¬‘äº† , and response is ï»¿é¸Ÿåœ¨é£ï¼Œä½ åœ¨å¹ï¼Œ[cqname]å¬å‘€ä¹ˆå¬ä¸æ‡‚ã€‚
è¯´ç¬‘äº†
[36m[2016-08-25 09:38:42.726] [DEBUG] wechat - [39mget str form moli è¯´ç¬‘äº†
ï»¿é¸Ÿåœ¨é£ï¼Œä½ åœ¨å¹ï¼Œ[cqname]å¬å‘€ä¹ˆå¬ä¸æ‡‚ã€‚
string undefined undefined
[36m[2016-08-25 09:38:43.375] [DEBUG] wechat - [39mget response moli, resuest is è¯´ç¬‘äº† , and response is ï»¿é¸Ÿåœ¨é£ï¼Œä½ åœ¨å¹ï¼Œ[cqname]å¬å‘€ä¹ˆå¬ä¸æ‡‚ã€‚
å“ˆå“ˆ
[36m[2016-08-25 09:39:13.697] [DEBUG] wechat - [39mget str form moli å“ˆå“ˆ
ï»¿ç¬‘ä»€ä¹ˆå‘ï¼
string undefined undefined
[36m[2016-08-25 09:39:13.810] [DEBUG] wechat - [39mget response moli, resuest is å“ˆå“ˆ , and response is ï»¿ç¬‘ä»€ä¹ˆå‘ï¼
ç¬‘è¯
[36m[2016-08-25 09:39:19.665] [DEBUG] wechat - [39mget str form moli ç¬‘è¯
ï»¿{"title":"\u54ce\u4e0d\u8bf4\u4e86\uff0c\u5916\u9762\u597d\u51b7","content":"\u6211\u4e8c\u8d27\u5ab3\u5987\u5728\u51ac\u81f3\u8fd9\u5929\u975e\u5e38\u5c0f\u8d44\u7684\u70b9\u8d77\u4e86\u5c0f\u706b\u9505\uff0c\r\n\u5979\u5148\u662f\u4e3a\u4e86\u71ac\u6c64\u7b49\u4e86\u534a\u5c0f\u65f6\uff0c\r\n\u770b\u7740\u6c64\u6c41\u9010\u6e10\u53d8\u767d\u53e3\u6c34\u90fd\u5feb\u7559\u4e0b\u6765\u8fd8\u662f\u6267\u610f\u8981\u5148\u7528\u852c\u83dc\u6253\u5e95\u3002\r\n\u7b49\u5230\u706b\u9505\u6c64\u6c41\u8c03\u76ae\u7684\u6eda\u52a8\u65f6\u5019\uff0c\u5979\u62ff\u8d77\u725b\u8089\u51c6\u5907\u5f00\u59cb\u5927\u5feb\u6735\u9890\u3002\r\n\u4e07\u6076\u7684\u5cb3\u6bcd\u5728\u53a8\u623f\u7178\u8fa3\u6912\u6cb9\uff0c\u6709\u8fc7\u7ecf\u5386\u7684\u4eba\u90fd\u77e5\u9053\u2026\r\n\u6ca1\u9519\uff0c\u4f60\u731c\u5bf9\u4e86\uff0c\r\n\u6211\u4e8c\u8d27\u5ab3\u5987\u6b64\u65f6\u6253\u4e86\u4e00\u4e2a\u5927\u55b7\u568f\uff0c\u4e00\u5927\u9f3b\u6d95\u6302\u5728\u4e86\u706b\u9505\u4e0a\uff0c\r\n\u6b64\u65f6\u6574\u4e2a\u4e16\u754c\u90fd\u5b89\u9759\u4e86\uff0c\r\n\u6700\u5148\u4f20\u6765\u7684\u662f\u6211\u7684\u7b11\u58f0\u3002\r\n\u54ce\u4e0d\u8bf4\u4e86\uff0c\u5916\u9762\u597d\u51b7\u3002"}
string undefined undefined
[36m[2016-08-25 09:39:20.730] [DEBUG] wechat - [39mget response moli, resuest is ç¬‘è¯ , and response is ï»¿{"title":"\u54ce\u4e0d\u8bf4\u4e86\uff0c\u5916\u9762\u597d\u51b7","content":"\u6211\u4e8c\u8d27\u5ab3\u5987\u5728\u51ac\u81f3\u8fd9\u5929\u975e\u5e38\u5c0f\u8d44\u7684\u70b9\u8d77\u4e86\u5c0f\u706b\u9505\uff0c\r\n\u5979\u5148\u662f\u4e3a\u4e86\u71ac\u6c64\u7b49\u4e86\u534a\u5c0f\u65f6\uff0c\r\n\u770b\u7740\u6c64\u6c41\u9010\u6e10\u53d8\u767d\u53e3\u6c34\u90fd\u5feb\u7559\u4e0b\u6765\u8fd8\u662f\u6267\u610f\u8981\u5148\u7528\u852c\u83dc\u6253\u5e95\u3002\r\n\u7b49\u5230\u706b\u9505\u6c64\u6c41\u8c03\u76ae\u7684\u6eda\u52a8\u65f6\u5019\uff0c\u5979\u62ff\u8d77\u725b\u8089\u51c6\u5907\u5f00\u59cb\u5927\u5feb\u6735\u9890\u3002\r\n\u4e07\u6076\u7684\u5cb3\u6bcd\u5728\u53a8\u623f\u7178\u8fa3\u6912\u6cb9\uff0c\u6709\u8fc7\u7ecf\u5386\u7684\u4eba\u90fd\u77e5\u9053\u2026\r\n\u6ca1\u9519\uff0c\u4f60\u731c\u5bf9\u4e86\uff0c\r\n\u6211\u4e8c\u8d27\u5ab3\u5987\u6b64\u65f6\u6253\u4e86\u4e00\u4e2a\u5927\u55b7\u568f\uff0c\u4e00\u5927\u9f3b\u6d95\u6302\u5728\u4e86\u706b\u9505\u4e0a\uff0c\r\n\u6b64\u65f6\u6574\u4e2a\u4e16\u754c\u90fd\u5b89\u9759\u4e86\uff0c\r\n\u6700\u5148\u4f20\u6765\u7684\u662f\u6211\u7684\u7b11\u58f0\u3002\r\n\u54ce\u4e0d\u8bf4\u4e86\uff0c\u5916\u9762\u597d\u51b7\u3002"}
ç¬‘è¯
[36m[2016-08-25 09:39:39.737] [DEBUG] wechat - [39mget str form moli ç¬‘è¯
ï»¿{"title":"\u7238\uff0c\u8fd8\u5dee50\uff01","content":"\u6211\u7238\u627f\u8bfa\u4e86\uff0c\u6211\u9ad8\u8003\u80fd\u8003\u591a\u5c11\u5206\uff0c\u4ed6\u5c31\u7ed9\u6211\u591a\u5c11\u94b1\u3002\r\n\u6210\u7ee9\u51fa\u6765\u540e\uff0c\u6211\u7238\u723d\u5feb\u7684\u7ed9\u6211\u638f\u4e86\u4e24\u767e\u5757\u94b1\u4f4f\u9662\u8d39\u3002"}
string undefined undefined
[36m[2016-08-25 09:39:40.490] [DEBUG] wechat - [39mget response moli, resuest is ç¬‘è¯ , and response is ï»¿{"title":"\u7238\uff0c\u8fd8\u5dee50\uff01","content":"\u6211\u7238\u627f\u8bfa\u4e86\uff0c\u6211\u9ad8\u8003\u80fd\u8003\u591a\u5c11\u5206\uff0c\u4ed6\u5c31\u7ed9\u6211\u591a\u5c11\u94b1\u3002\r\n\u6210\u7ee9\u51fa\u6765\u540e\uff0c\u6211\u7238\u723d\u5feb\u7684\u7ed9\u6211\u638f\u4e86\u4e24\u767e\u5757\u94b1\u4f4f\u9662\u8d39\u3002"}
[2016-08-25 09:39:40.490] [DEBUG] wechat - get response moli, resuest is ç¬‘è¯ , and response is ï»¿{"title":"\u7238\uff0c\u8fd8\u5dee50\uff01","content":"\u6211\u7238\u627f\u8bfa\u4e86\uff0c\u6211\u9ad8\u8003\u80fd\u8003\u591a\u5c11\u5206\uff0c\u4ed6\u5c31\u7ed9\u6211\u591a\u5c11\u94b1\u3002\r\n\u6210\u7ee9\u51fa\u6765\u540e\uff0c\u6211\u7238\u723d\u5feb\u7684\u7ed9\u6211\u638f\u4e86\u4e24\u767e\u5757\u94b1\u4f4f\u9662\u8d39\u3002"}
